0 info it worked if it ends with ok
1 verbose cli [ '/usr/bin/node', '/usr/bin/npm', 'start' ]
2 info using npm@3.5.2
3 info using node@v8.10.0
4 verbose run-script [ 'prestart', 'start', 'poststart' ]
5 info lifecycle cara@0.0.27~prestart: cara@0.0.27
6 silly lifecycle cara@0.0.27~prestart: no script for prestart, continuing
7 info lifecycle cara@0.0.27~start: cara@0.0.27
8 verbose lifecycle cara@0.0.27~start: unsafe-perm in lifecycle true
9 verbose lifecycle cara@0.0.27~start: PATH: /usr/share/npm/bin/node-gyp-bin:/home/devarshi/Desktop/DEV/portfolio/port/node_modules/.bin:/home/devarshi/anaconda3/bin:/home/devarshi/anaconda3/condabin:/usr/local/sbin:/usr/local/bin:/usr/sbin:/usr/bin:/sbin:/bin:/usr/games:/usr/local/games:/snap/bin
10 verbose lifecycle cara@0.0.27~start: CWD: /home/devarshi/Desktop/DEV/portfolio/port
11 silly lifecycle cara@0.0.27~start: Args: [ '-c', 'gatsby develop' ]
12 silly lifecycle cara@0.0.27~start: Returned: code: 1  signal: null
13 info lifecycle cara@0.0.27~start: Failed to exec start script
14 verbose stack Error: cara@0.0.27 start: `gatsby develop`
14 verbose stack Exit status 1
14 verbose stack     at EventEmitter.<anonymous> (/usr/share/npm/lib/utils/lifecycle.js:232:16)
14 verbose stack     at emitTwo (events.js:126:13)
14 verbose stack     at EventEmitter.emit (events.js:214:7)
14 verbose stack     at ChildProcess.<anonymous> (/usr/share/npm/lib/utils/spawn.js:24:14)
14 verbose stack     at emitTwo (events.js:126:13)
14 verbose stack     at ChildProcess.emit (events.js:214:7)
14 verbose stack     at maybeClose (internal/child_process.js:925:16)
14 verbose stack     at Process.ChildProcess._handle.onexit (internal/child_process.js:209:5)
15 verbose pkgid cara@0.0.27
16 verbose cwd /home/devarshi/Desktop/DEV/portfolio/port
17 error Linux 5.0.0-32-generic
18 error argv "/usr/bin/node" "/usr/bin/npm" "start"
19 error node v8.10.0
20 error npm  v3.5.2
21 error code ELIFECYCLE
22 error cara@0.0.27 start: `gatsby develop`
22 error Exit status 1
23 error Failed at the cara@0.0.27 start script 'gatsby develop'.
23 error Make sure you have the latest version of node.js and npm installed.
23 error If you do, this is most likely a problem with the cara package,
23 error not with npm itself.
23 error Tell the author that this fails on your system:
23 error     gatsby develop
23 error You can get information on how to open an issue for this project with:
23 error     npm bugs cara
23 error Or if that isn't available, you can get their info via:
23 error     npm owner ls cara
23 error There is likely additional logging output above.
24 verbose exit [ 1, true ]
